[INFO  - 2019-12-11T05:06:24.439Z] GhostDriver - Main - running on port 64807
[INFO  - 2019-12-11T05:06:24.655Z] Session [fab61db0-1bd3-11ea-842c-e12f3d07b04d] - page.settings - {"XSSAuditingEnabled":false,"javascriptCanCloseWindows":true,"javascriptCanOpenWindows":true,"javascriptEnabled":true,"loadImages":true,"localToRemoteUrlAccessEnabled":false,"userAgent":"Mozilla/5.0 (Macintosh; Intel Mac OS X) AppleWebKit/538.1 (KHTML, like Gecko) PhantomJS/2.1.1 Safari/538.1","webSecurityEnabled":true}
[INFO  - 2019-12-11T05:06:24.655Z] Session [fab61db0-1bd3-11ea-842c-e12f3d07b04d] - page.customHeaders:  - {}
[INFO  - 2019-12-11T05:06:24.655Z] Session [fab61db0-1bd3-11ea-842c-e12f3d07b04d] - Session.negotiatedCapabilities - {"browserName":"phantomjs","version":"2.1.1","driverName":"ghostdriver","driverVersion":"1.2.0","platform":"mac-unknown-64bit","javascriptEnabled":true,"takesScreenshot":true,"handlesAlerts":false,"databaseEnabled":false,"locationContextEnabled":false,"applicationCacheEnabled":false,"browserConnectionEnabled":false,"cssSelectorsEnabled":true,"webStorageEnabled":false,"rotatable":false,"acceptSslCerts":false,"nativeEvents":true,"proxy":{"proxyType":"direct"}}
[INFO  - 2019-12-11T05:06:24.656Z] SessionManagerReqHand - _postNewSessionCommand - New Session Created: fab61db0-1bd3-11ea-842c-e12f3d07b04d
[ERROR - 2019-12-11T05:06:27.630Z] Session [fab61db0-1bd3-11ea-842c-e12f3d07b04d] - page.onError - msg: ReferenceError: Can't find variable: Set

  phantomjs://platform/console++.js:263 in error
[ERROR - 2019-12-11T05:06:27.630Z] Session [fab61db0-1bd3-11ea-842c-e12f3d07b04d] - page.onError - stack:
  (anonymous function) (https://www.thestreet.com/runtime/alpha.js?v=2019-12-03-212648-04cf2fd-014518:3)
  f (https://www.thestreet.com/runtime/alpha.js?v=2019-12-03-212648-04cf2fd-014518:3)
  (anonymous function) (https://www.thestreet.com/runtime/alpha.js?v=2019-12-03-212648-04cf2fd-014518:3)
  f (https://www.thestreet.com/runtime/alpha.js?v=2019-12-03-212648-04cf2fd-014518:3)
  (anonymous function) (https://www.thestreet.com/runtime/alpha.js?v=2019-12-03-212648-04cf2fd-014518:3)
  f (https://www.thestreet.com/runtime/alpha.js?v=2019-12-03-212648-04cf2fd-014518:3)
  (anonymous function) (https://www.thestreet.com/runtime/alpha.js?v=2019-12-03-212648-04cf2fd-014518:3)
  f (https://www.thestreet.com/runtime/alpha.js?v=2019-12-03-212648-04cf2fd-014518:3)
  (anonymous function) (https://www.thestreet.com/runtime/alpha.js?v=2019-12-03-212648-04cf2fd-014518:3)
  f (https://www.thestreet.com/runtime/alpha.js?v=2019-12-03-212648-04cf2fd-014518:3)
  (anonymous function) (https://www.thestreet.com/runtime/alpha.js?v=2019-12-03-212648-04cf2fd-014518:3)
  f (https://www.thestreet.com/runtime/alpha.js?v=2019-12-03-212648-04cf2fd-014518:3)
  (anonymous function) (https://www.thestreet.com/runtime/alpha.js?v=2019-12-03-212648-04cf2fd-014518:3)

  phantomjs://platform/console++.js:263 in error
